<?xml version="1.0" encoding="UTF-8"?>
<robot generator="Robot 7.1 (Python 3.12.4 on win32)" generated="2024-09-19T15:20:34.334580" rpa="false" schemaversion="5">
<suite id="s1" name="Web Automathion Tests" source="C:\Desafio_Curso\RobotFramework\WebAutomathion\tests\web_automathion_tests.robot">
<test id="s1-t1" name="Caso de Teste 01: Acessa ao menu &quot;WOMEN&quot;" line="8">
<kw name="Abrir o Navegador" owner="web_automathion_resources" type="SETUP">
<kw name="Open Browser" owner="SeleniumLibrary">
<msg time="2024-09-19T15:20:41.151815" level="INFO">Opening browser 'chrome' to base url 'None'.</msg>
<msg time="2024-09-19T15:20:48.058526" level="WARN">The chromedriver version (127.0.6533.88) detected in PATH at C:\Users\Larissa\AppData\Local\Programs\Python\Python312\Scripts\chromedriver.exe might not be compatible with the detected chrome version (128.0.6613.138); currently, chromedriver 128.0.6613.137 is recommended for chrome 128.*, so it is advised to delete the driver in PATH and retry</msg>
<arg>browser=${BROWSER}</arg>
<doc>Opens a new browser instance to the optional ``url``.</doc>
<status status="PASS" start="2024-09-19T15:20:41.151815" elapsed="11.482191"/>
</kw>
<kw name="Maximize Browser Window" owner="SeleniumLibrary">
<doc>Maximizes current browser window.</doc>
<status status="PASS" start="2024-09-19T15:20:52.634006" elapsed="0.189826"/>
</kw>
<status status="PASS" start="2024-09-19T15:20:41.148677" elapsed="11.683152"/>
</kw>
<kw name="Dado que estou na home page do site www.automationpractice.pl/index.php" owner="web_automathion_resources">
<kw name="Go To" owner="SeleniumLibrary">
<msg time="2024-09-19T15:20:52.832790" level="INFO">Opening url 'http://www.automationpractice.pl/index.php'</msg>
<arg>url=${URL}</arg>
<doc>Navigates the current browser window to the provided ``url``.</doc>
<status status="PASS" start="2024-09-19T15:20:52.832790" elapsed="6.417512"/>
</kw>
<kw name="Sleep" owner="BuiltIn">
<msg time="2024-09-19T15:21:09.258404" level="INFO">Slept 10 seconds.</msg>
<arg>10s</arg>
<doc>Pauses the test executed for the given time.</doc>
<status status="PASS" start="2024-09-19T15:20:59.250302" elapsed="10.008102"/>
</kw>
<kw name="Wait Until Element Is Visible" owner="SeleniumLibrary">
<arg>locator=${LOGO}</arg>
<doc>Waits until the element ``locator`` is visible.</doc>
<status status="PASS" start="2024-09-19T15:21:09.258404" elapsed="0.201548"/>
</kw>
<status status="PASS" start="2024-09-19T15:20:52.832790" elapsed="16.627678"/>
</kw>
<kw name="Quando acessar o menu &quot;Women&quot;" owner="web_automathion_resources">
<kw name="Click Element" owner="SeleniumLibrary">
<msg time="2024-09-19T15:21:09.460468" level="INFO">Clicking element '//a[contains(@title,'Women')]'.</msg>
<arg>locator=${WOMEN}</arg>
<doc>Click the element identified by ``locator``.</doc>
<status status="PASS" start="2024-09-19T15:21:09.460468" elapsed="4.137058"/>
</kw>
<status status="PASS" start="2024-09-19T15:21:09.460468" elapsed="4.145058"/>
</kw>
<kw name="Então o slide da pagina deve ficar &quot;WOMEN&quot;" owner="web_automathion_resources">
<kw name="Wait Until Element Is Visible" owner="SeleniumLibrary">
<arg>locator=${SLIDE}</arg>
<doc>Waits until the element ``locator`` is visible.</doc>
<status status="PASS" start="2024-09-19T15:21:13.610480" elapsed="0.166043"/>
</kw>
<status status="PASS" start="2024-09-19T15:21:13.610480" elapsed="0.166043"/>
</kw>
<kw name="E Verificar se aparece o produto &quot;Blouse&quot;" owner="web_automathion_resources">
<kw name="Scroll Element Into View" owner="SeleniumLibrary">
<arg>locator=${LOCALIZADOR}</arg>
<doc>Scrolls the element identified by ``locator`` into view.</doc>
<status status="PASS" start="2024-09-19T15:21:13.784524" elapsed="0.618182"/>
</kw>
<status status="PASS" start="2024-09-19T15:21:13.784524" elapsed="0.618813"/>
</kw>
<doc>Esse teste verificar o menu Women no site http://www.automationpractice.pl/index.php
e o produto Blouse</doc>
<tag>menu_produto</tag>
<status status="PASS" start="2024-09-19T15:20:41.129655" elapsed="33.303945"/>
</test>
<test id="s1-t2" name="Caso de Teste 02: Pesquisa de um produto" line="17">
<kw name="Abrir o Navegador" owner="web_automathion_resources" type="SETUP">
<kw name="Open Browser" owner="SeleniumLibrary">
<msg time="2024-09-19T15:21:14.536914" level="INFO">Opening browser 'chrome' to base url 'None'.</msg>
<msg time="2024-09-19T15:21:17.474136" level="WARN">The chromedriver version (127.0.6533.88) detected in PATH at C:\Users\Larissa\AppData\Local\Programs\Python\Python312\Scripts\chromedriver.exe might not be compatible with the detected chrome version (128.0.6613.138); currently, chromedriver 128.0.6613.137 is recommended for chrome 128.*, so it is advised to delete the driver in PATH and retry</msg>
<arg>browser=${BROWSER}</arg>
<doc>Opens a new browser instance to the optional ``url``.</doc>
<status status="PASS" start="2024-09-19T15:21:14.536914" elapsed="7.083786"/>
</kw>
<kw name="Maximize Browser Window" owner="SeleniumLibrary">
<doc>Maximizes current browser window.</doc>
<status status="PASS" start="2024-09-19T15:21:21.620700" elapsed="0.502445"/>
</kw>
<status status="PASS" start="2024-09-19T15:21:14.528912" elapsed="7.594233"/>
</kw>
<kw name="Dado que estou na home page do site www.automationpractice.pl/index.php" owner="web_automathion_resources">
<kw name="Go To" owner="SeleniumLibrary">
<msg time="2024-09-19T15:21:22.138768" level="INFO">Opening url 'http://www.automationpractice.pl/index.php'</msg>
<arg>url=${URL}</arg>
<doc>Navigates the current browser window to the provided ``url``.</doc>
<status status="PASS" start="2024-09-19T15:21:22.138768" elapsed="9.728586"/>
</kw>
<kw name="Sleep" owner="BuiltIn">
<msg time="2024-09-19T15:21:41.882596" level="INFO">Slept 10 seconds.</msg>
<arg>10s</arg>
<doc>Pauses the test executed for the given time.</doc>
<status status="PASS" start="2024-09-19T15:21:31.876427" elapsed="10.006169"/>
</kw>
<kw name="Wait Until Element Is Visible" owner="SeleniumLibrary">
<arg>locator=${LOGO}</arg>
<doc>Waits until the element ``locator`` is visible.</doc>
<status status="PASS" start="2024-09-19T15:21:41.882596" elapsed="0.180003"/>
</kw>
<status status="PASS" start="2024-09-19T15:21:22.138768" elapsed="19.923831"/>
</kw>
<kw name="Quando digitar pelo produto &quot;Blouse&quot;" owner="web_automathion_resources" source_name="Quando digitar pelo produto &quot;${PRODUTO}&quot;">
<kw name="Input Text" owner="SeleniumLibrary">
<msg time="2024-09-19T15:21:42.093848" level="INFO">Typing text 'Blouse' into text field 'search_query_top'.</msg>
<arg>locator=search_query_top</arg>
<arg>text=${PRODUTO}</arg>
<doc>Types the given ``text`` into the text field identified by ``locator``.</doc>
<status status="PASS" start="2024-09-19T15:21:42.093848" elapsed="1.087823"/>
</kw>
<kw name="Click Button" owner="SeleniumLibrary">
<msg time="2024-09-19T15:21:43.181671" level="INFO">Clicking button '//button[@type='submit'][contains(.,'Search')]'.</msg>
<arg>locator=${BOTÃO_PESQUISA}</arg>
<doc>Clicks the button identified by ``locator``.</doc>
<status status="PASS" start="2024-09-19T15:21:43.181671" elapsed="3.187679"/>
</kw>
<status status="PASS" start="2024-09-19T15:21:42.078226" elapsed="4.291124"/>
</kw>
<kw name="Então a pagina seleciona os TOP SELLERS da categoria" owner="web_automathion_resources">
<kw name="Click Element" owner="SeleniumLibrary">
<msg time="2024-09-19T15:21:46.384981" level="INFO">Clicking element '//a[contains(@title,'View a top sellers products')]'.</msg>
<arg>locator=${TOP_SELLERS}</arg>
<doc>Click the element identified by ``locator``.</doc>
<status status="PASS" start="2024-09-19T15:21:46.384981" elapsed="2.390440"/>
</kw>
<status status="PASS" start="2024-09-19T15:21:46.384981" elapsed="2.390440"/>
</kw>
<kw name="E um produto da linha &quot;Blouse&quot; deve ser mostrado na página" owner="web_automathion_resources" source_name="E um produto da linha &quot;${PRODUTO}&quot; deve ser mostrado na página">
